Build started 2016/1/25 21:00:47.
     1>Project "C:\Recv\PassX\PassX\PassX.vcxproj" on node 2 (rebuild target(s)).
     1>_PrepareForClean:
         Deleting file "Release\PassX.lastbuildstate".
       InitializeBuildStatus:
         Creating "Release\PassX.unsuccessfulbuild" because "AlwaysCreate" was specified.
       ClCompile:
         C:\Program Files (x86)\Microsoft Visual Studio 10.0\VC\bin\CL.exe /c /Zi /nologo /W3 /WX- /O2 /Oi /Oy- /GL /D WIN32 /D NDEBUG /D _WINDOWS /D _UNICODE /D UNICODE /Gm- /EHsc /MT /GS /Gy /fp:precise /Zc:wchar_t /Zc:forScope /Fo"Release\\" /Fd"Release\vc100.pdb" /Gd /TP /analyze- /errorReport:prompt aes.cpp aes_options.cpp base64.cpp crypt.cpp EnumFirectory.cpp JSON.cpp JSONValue.cpp md5.cpp PassX.cpp rsa.cpp SendThread.cpp ServerUrl.cpp Service.cpp sha1.cpp Utils.cpp WatchDirectory.cpp WinHttp.cpp
         aes.cpp
         aes_options.cpp
         base64.cpp
         crypt.cpp
         EnumFirectory.cpp
     1>EnumFirectory.cpp(175): warning C4996: 'wcsnicmp': The POSIX name for this item is deprecated. Instead, use the ISO C++ conformant name: _wcsnicmp. See online help for details.
                 C:\Program Files (x86)\Microsoft Visual Studio 10.0\VC\include\string.h(391) : see declaration of 'wcsnicmp'
         JSON.cpp
         JSONValue.cpp
         md5.cpp
         PassX.cpp
         rsa.cpp
     1>C:\openssl-1.0.1e\inc32\openssl/applink.c(71): warning C4996: 'fopen': This function or variable may be unsafe. Consider using fopen_s instead. To disable deprecation, use _CRT_SECURE_NO_WARNINGS. See online help for details.
                 C:\Program Files (x86)\Microsoft Visual Studio 10.0\VC\include\stdio.h(234) : see declaration of 'fopen'
     1>C:\openssl-1.0.1e\inc32\openssl/applink.c(79): warning C4996: '_open': This function or variable may be unsafe. Consider using _sopen_s instead. To disable deprecation, use _CRT_SECURE_NO_WARNINGS. See online help for details.
                 C:\Program Files (x86)\Microsoft Visual Studio 10.0\VC\include\io.h(240) : see declaration of '_open'
         SendThread.cpp
     1>SendThread.cpp(47): warning C4244: 'argument' : conversion from 'ULONG' to 'u_short', possible loss of data
         ServerUrl.cpp
     1>ServerUrl.cpp(103): warning C4995: 'sprintf': name was marked as #pragma deprecated
     1>ServerUrl.cpp(103): warning C4996: 'sprintf': This function or variable may be unsafe. Consider using sprintf_s instead. To disable deprecation, use _CRT_SECURE_NO_WARNINGS. See online help for details.
                 C:\Program Files (x86)\Microsoft Visual Studio 10.0\VC\include\stdio.h(371) : see declaration of 'sprintf'
     1>ServerUrl.cpp(105): warning C4995: 'sprintf': name was marked as #pragma deprecated
     1>ServerUrl.cpp(105): warning C4996: 'sprintf': This function or variable may be unsafe. Consider using sprintf_s instead. To disable deprecation, use _CRT_SECURE_NO_WARNINGS. See online help for details.
                 C:\Program Files (x86)\Microsoft Visual Studio 10.0\VC\include\stdio.h(371) : see declaration of 'sprintf'
     1>ServerUrl.cpp(107): warning C4995: 'sprintf': name was marked as #pragma deprecated
     1>ServerUrl.cpp(107): warning C4996: 'sprintf': This function or variable may be unsafe. Consider using sprintf_s instead. To disable deprecation, use _CRT_SECURE_NO_WARNINGS. See online help for details.
                 C:\Program Files (x86)\Microsoft Visual Studio 10.0\VC\include\stdio.h(371) : see declaration of 'sprintf'
     1>ServerUrl.cpp(109): warning C4995: 'sprintf': name was marked as #pragma deprecated
     1>ServerUrl.cpp(109): warning C4996: 'sprintf': This function or variable may be unsafe. Consider using sprintf_s instead. To disable deprecation, use _CRT_SECURE_NO_WARNINGS. See online help for details.
                 C:\Program Files (x86)\Microsoft Visual Studio 10.0\VC\include\stdio.h(371) : see declaration of 'sprintf'
     1>ServerUrl.cpp(111): warning C4995: 'sprintf': name was marked as #pragma deprecated
     1>ServerUrl.cpp(111): warning C4996: 'sprintf': This function or variable may be unsafe. Consider using sprintf_s instead. To disable deprecation, use _CRT_SECURE_NO_WARNINGS. See online help for details.
                 C:\Program Files (x86)\Microsoft Visual Studio 10.0\VC\include\stdio.h(371) : see declaration of 'sprintf'
     1>ServerUrl.cpp(113): warning C4995: 'sprintf': name was marked as #pragma deprecated
     1>ServerUrl.cpp(113): warning C4996: 'sprintf': This function or variable may be unsafe. Consider using sprintf_s instead. To disable deprecation, use _CRT_SECURE_NO_WARNINGS. See online help for details.
                 C:\Program Files (x86)\Microsoft Visual Studio 10.0\VC\include\stdio.h(371) : see declaration of 'sprintf'
     1>ServerUrl.cpp(115): warning C4995: 'sprintf': name was marked as #pragma deprecated
     1>ServerUrl.cpp(115): warning C4996: 'sprintf': This function or variable may be unsafe. Consider using sprintf_s instead. To disable deprecation, use _CRT_SECURE_NO_WARNINGS. See online help for details.
                 C:\Program Files (x86)\Microsoft Visual Studio 10.0\VC\include\stdio.h(371) : see declaration of 'sprintf'
     1>ServerUrl.cpp(117): warning C4995: 'sprintf': name was marked as #pragma deprecated
     1>ServerUrl.cpp(117): warning C4996: 'sprintf': This function or variable may be unsafe. Consider using sprintf_s instead. To disable deprecation, use _CRT_SECURE_NO_WARNINGS. See online help for details.
                 C:\Program Files (x86)\Microsoft Visual Studio 10.0\VC\include\stdio.h(371) : see declaration of 'sprintf'
     1>ServerUrl.cpp(119): warning C4995: 'sprintf': name was marked as #pragma deprecated
     1>ServerUrl.cpp(119): warning C4996: 'sprintf': This function or variable may be unsafe. Consider using sprintf_s instead. To disable deprecation, use _CRT_SECURE_NO_WARNINGS. See online help for details.
                 C:\Program Files (x86)\Microsoft Visual Studio 10.0\VC\include\stdio.h(371) : see declaration of 'sprintf'
         Service.cpp
         sha1.cpp
         Utils.cpp
         WatchDirectory.cpp
         WinHttp.cpp
         C:\Program Files (x86)\Microsoft Visual Studio 10.0\VC\bin\CL.exe /c /Zi /nologo /W3 /WX- /O2 /Oi /Oy- /GL /D WIN32 /D NDEBUG /D _WINDOWS /D _UNICODE /D UNICODE /Gm- /EHsc /MT /GS /Gy /fp:precise /Zc:wchar_t /Zc:forScope /Fo"Release\\" /Fd"Release\vc100.pdb" /Gd /TC /analyze- /errorReport:prompt sqlite.c
         sqlite.c
       Link:
         C:\Program Files (x86)\Microsoft Visual Studio 10.0\VC\bin\link.exe /ERRORREPORT:PROMPT /OUT:"C:\Recv\PassX\PassX\Release\PassX.exe" /INCREMENTAL:NO /NOLOGO kernel32.lib user32.lib gdi32.lib winspool.lib comdlg32.lib advapi32.lib shell32.lib ole32.lib oleaut32.lib uuid.lib odbc32.lib odbccp32.lib /MANIFEST /ManifestFile:"Release\PassX.exe.intermediate.manifest" /MANIFESTUAC:"level='asInvoker' uiAccess='false'" /DEBUG /PDB:"C:\Recv\PassX\PassX\Release\PassX.pdb" /SUBSYSTEM:WINDOWS /OPT:REF /OPT:ICF /LTCG /TLBID:1 /DYNAMICBASE /NXCOMPAT /IMPLIB:"C:\Recv\PassX\PassX\Release\PassX.lib" /MACHINE:X86 Release\aes.obj
         Release\aes_options.obj
         Release\base64.obj
         Release\crypt.obj
         Release\EnumFirectory.obj
         Release\JSON.obj
         Release\JSONValue.obj
         Release\md5.obj
         Release\PassX.obj
         Release\rsa.obj
         Release\SendThread.obj
         Release\ServerUrl.obj
         Release\Service.obj
         Release\sha1.obj
         Release\sqlite.obj
         Release\Utils.obj
         Release\WatchDirectory.obj
         Release\WinHttp.obj
            Creating library C:\Recv\PassX\PassX\Release\PassX.lib and object C:\Recv\PassX\PassX\Release\PassX.exp
         Generating code
         Finished generating code
         PassX.vcxproj -> C:\Recv\PassX\PassX\Release\PassX.exe
       Manifest:
         C:\Program Files (x86)\Microsoft SDKs\Windows\v7.0A\bin\mt.exe /nologo /verbose /outputresource:"C:\Recv\PassX\PassX\Release\PassX.exe;#1" /manifest Release\PassX.exe.intermediate.manifest
       FinalizeBuildStatus:
         Deleting file "Release\PassX.unsuccessfulbuild".
         Touching "Release\PassX.lastbuildstate".
     1>Done Building Project "C:\Recv\PassX\PassX\PassX.vcxproj" (rebuild target(s)).

Build succeeded.

Time Elapsed 00:00:09.82
