C:\RECV\PASSX\PASSX\RELEASE\AES.OBJ
C:\RECV\PASSX\PASSX\RELEASE\AES_OPTIONS.OBJ
C:\RECV\PASSX\PASSX\RELEASE\BASE64.OBJ
C:\Recv\PassX\PassX\Release\cl.command.1.tlog
C:\Recv\PassX\PassX\Release\CL.read.1.tlog
C:\Recv\PassX\PassX\Release\CL.write.1.tlog
C:\RECV\PASSX\PASSX\RELEASE\CRYPT.OBJ
C:\RECV\PASSX\PASSX\RELEASE\ENUMFIRECTORY.OBJ
C:\RECV\PASSX\PASSX\RELEASE\JSON.OBJ
C:\RECV\PASSX\PASSX\RELEASE\JSONVALUE.OBJ
C:\Recv\PassX\PassX\Release\link.command.1.tlog
C:\Recv\PassX\PassX\Release\link.read.1.tlog
C:\Recv\PassX\PassX\Release\link.write.1.tlog
C:\RECV\PASSX\PASSX\RELEASE\MD5.OBJ
C:\Recv\PassX\PassX\Release\mt.command.1.tlog
C:\Recv\PassX\PassX\Release\mt.read.1.tlog
C:\Recv\PassX\PassX\Release\mt.write.1.tlog
C:\RECV\PASSX\PASSX\RELEASE\PASSX.EXE
C:\RECV\PASSX\PASSX\RELEASE\PASSX.EXE.INTERMEDIATE.MANIFEST
C:\Recv\PassX\PassX\Release\PassX.exp
C:\Recv\PassX\PassX\Release\PassX.lib
C:\RECV\PASSX\PASSX\RELEASE\PASSX.OBJ
C:\RECV\PASSX\PASSX\RELEASE\PASSX.PDB
C:\Recv\PassX\PassX\Release\PassX.write.1.tlog
C:\RECV\PASSX\PASSX\RELEASE\RSA.OBJ
C:\RECV\PASSX\PASSX\RELEASE\SENDTHREAD.OBJ
C:\RECV\PASSX\PASSX\RELEASE\SERVERURL.OBJ
C:\RECV\PASSX\PASSX\RELEASE\SERVICE.OBJ
C:\RECV\PASSX\PASSX\RELEASE\SHA1.OBJ
C:\RECV\PASSX\PASSX\RELEASE\SQLITE.OBJ
C:\RECV\PASSX\PASSX\RELEASE\UTILS.OBJ
C:\RECV\PASSX\PASSX\RELEASE\VC100.PDB
C:\RECV\PASSX\PASSX\RELEASE\WATCHDIRECTORY.OBJ
C:\RECV\PASSX\PASSX\RELEASE\WINHTTP.OBJ
